app/build/outputs/logs/manifest-merger-localLine-debug-report.txt
-- Merging decision tree log ---
manifest
ADDED from src\main\AndroidManifest.xml:2:1-69:12
INJECTED from src\main\AndroidManifest.xml:2:1-69:12
INJECTED from src\main\AndroidManifest.xml:2:1-69:12
INJECTED from src\main\AndroidManifest.xml:2:1-69:12
MERGED from [com.android.support.constraint:constraint-layout:1.1.3] AndroidManifest.xml:2:1-11:12
MERGED from [:utils] AndroidManifest.xml:2:1-30:12
MERGED from [com.android.support:design:27.0.2] AndroidManifest.xml:17:1-22:12
MERGED from [com.android.support:support-v4:27.0.2] AndroidManifest.xml:17:1-22:12
MERGED from [com.youth.banner:banner:1.4.10] AndroidManifest.xml:2:1-11:12
MERGED from [com.android.support:multidex:1.0.3] AndroidManifest.xml:17:1-22:12
MERGED from [com.android.support:support-media-compat:27.0.2] AndroidManifest.xml:17:1-22:12
MERGED from [com.github.bumptech.glide:glide:4.8.0] AndroidManifest.xml:2:1-12:12
MERGED from [com.google.dagger:dagger-android-support:2.22.1] AndroidManifest.xml:17:1-22:12
MERGED from [com.github.wendux:DSBridge-Android:c6d5155915] AndroidManifest.xml:2:1-23:12
MERGED from [com.zhy:autolayout:1.4.5] AndroidManifest.xml:2:1-12:12
MERGED from [com.android.support:appcompat-v7:27.0.2] AndroidManifest.xml:17:1-22:12
MERGED from [com.android.support:support-fragment:27.0.2] AndroidManifest.xml:17:1-22:12
MERGED from [com.android.support:support-core-utils:27.0.2] AndroidManifest.xml:17:1-22:12
MERGED from [com.android.support:recyclerview-v7:27.0.2] AndroidManifest.xml:17:1-22:12
MERGED from [com.android.support:animated-vector-drawable:27.0.2] AndroidManifest.xml:17:1-22:12
MERGED from [com.android.support:support-core-ui:27.0.2] AndroidManifest.xml:17:1-22:12
MERGED from [com.android.support:transition:27.0.2] AndroidManifest.xml:17:1-22:12
MERGED from [com.android.support:support-vector-drawable:27.0.2] AndroidManifest.xml:17:1-22:12
MERGED from [com.android.support:support-compat:27.0.2] AndroidManifest.xml:17:1-22:12
MERGED from [com.zhy:okhttputils:2.6.2] AndroidManifest.xml:2:1-11:12
MERGED from [com.facebook.stetho:stetho-okhttp3:1.5.1] AndroidManifest.xml:2:1-13:12
MERGED from [com.scwang.smartrefresh:SmartRefreshLayout:1.1.0-alpha-24] AndroidManifest.xml:2:1-17:12
MERGED from [com.google.dagger:dagger-android:2.22.1] AndroidManifest.xml:17:1-22:12
MERGED from [io.reactivex:rxandroid:1.2.1] AndroidManifest.xml:15:1-21:12
MERGED from [io.reactivex.rxjava2:rxandroid:2.1.0] AndroidManifest.xml:15:1-20:12
MERGED from [com.facebook.stetho:stetho:1.5.1] AndroidManifest.xml:2:1-13:12
MERGED from [com.github.bumptech.glide:gifdecoder:4.8.0] AndroidManifest.xml:2:1-11:12
MERGED from [android.arch.lifecycle:runtime:1.0.3] AndroidManifest.xml:17:1-24:12
INJECTED from src\main\AndroidManifest.xml:2:1-69:12
INJECTED from src\main\AndroidManifest.xml:2:1-69:12
INJECTED from src\main\AndroidManifest.xml:2:1-69:12
	package
		ADDED from src\main\AndroidManifest.xml:3:5-30
		INJECTED from src\main\AndroidManifest.xml
		INJECTED from src\main\AndroidManifest.xml
	android:versionName
		INJECTED from src\main\AndroidManifest.xml
		ADDED from src\main\AndroidManifest.xml:2:1-69:12
		INJECTED from src\main\AndroidManifest.xml
	android:versionCode
		INJECTED from src\main\AndroidManifest.xml
		ADDED from src\main\AndroidManifest.xml:2:1-69:12
		INJECTED from src\main\AndroidManifest.xml
	xmlns:android
		ADDED from src\main\AndroidManifest.xml:2:11-69
uses-permission#android.permission.INTERNET
ADDED from src\main\AndroidManifest.xml:5:5-67
MERGED from [com.github.wendux:DSBridge-Android:c6d5155915] AndroidManifest.xml:11:5-67
MERGED from [com.github.wendux:DSBridge-Android:c6d5155915] AndroidManifest.xml:11:5-67
	android:name
		ADDED from src\main\AndroidManifest.xml:5:22-64
application
ADDED from src\main\AndroidManifest.xml:8:5-67:19
MERGED from [com.android.support.constraint:constraint-layout:1.1.3] AndroidManifest.xml:9:5-20
MERGED from [com.android.support.constraint:constraint-layout:1.1.3] AndroidManifest.xml:9:5-20
MERGED from [:utils] AndroidManifest.xml:11:5-28:19
MERGED from [:utils] AndroidManifest.xml:11:5-28:19
MERGED from [com.github.bumptech.glide:glide:4.8.0] AndroidManifest.xml:10:5-20
MERGED from [com.github.bumptech.glide:glide:4.8.0] AndroidManifest.xml:10:5-20
MERGED from [com.github.wendux:DSBridge-Android:c6d5155915] AndroidManifest.xml:17:5-21:19
MERGED from [com.github.wendux:DSBridge-Android:c6d5155915] AndroidManifest.xml:17:5-21:19
MERGED from [com.facebook.stetho:stetho-okhttp3:1.5.1] AndroidManifest.xml:11:5-20
MERGED from [com.facebook.stetho:stetho-okhttp3:1.5.1] AndroidManifest.xml:11:5-20
MERGED from [com.scwang.smartrefresh:SmartRefreshLayout:1.1.0-alpha-24] AndroidManifest.xml:11:5-15:19
MERGED from [com.scwang.smartrefresh:SmartRefreshLayout:1.1.0-alpha-24] AndroidManifest.xml:11:5-15:19
MERGED from [com.facebook.stetho:stetho:1.5.1] AndroidManifest.xml:11:5-20
MERGED from [com.facebook.stetho:stetho:1.5.1] AndroidManifest.xml:11:5-20
MERGED from [com.github.bumptech.glide:gifdecoder:4.8.0] AndroidManifest.xml:9:5-20
MERGED from [com.github.bumptech.glide:gifdecoder:4.8.0] AndroidManifest.xml:9:5-20
	android:supportsRtl
		ADDED from src\main\AndroidManifest.xml:15:9-35
	android:label
		ADDED from src\main\AndroidManifest.xml:13:9-41
	android:hardwareAccelerated
		ADDED from src\main\AndroidManifest.xml:11:9-43
	android:roundIcon
		ADDED from src\main\AndroidManifest.xml:14:9-54
	android:icon
		ADDED from src\main\AndroidManifest.xml:12:9-43
	android:allowBackup
		ADDED from src\main\AndroidManifest.xml:10:9-35
	android:theme
		ADDED from src\main\AndroidManifest.xml:16:9-40
	android:name
		ADDED from src\main\AndroidManifest.xml:9:9-38
meta-data#design_width
ADDED from src\main\AndroidManifest.xml:19:9-21:36
	android:value
		ADDED from src\main\AndroidManifest.xml:21:13-33
	android:name
		ADDED from src\main\AndroidManifest.xml:20:13-40
meta-data#design_height
ADDED from src\main\AndroidManifest.xml:22:9-24:36
	android:value
		ADDED from src\main\AndroidManifest.xml:24:13-33
	android:name
		ADDED from src\main\AndroidManifest.xml:23:13-41
activity#com.maqueezu.el.MainActivity
ADDED from src\main\AndroidManifest.xml:26:9-31:52
	android:screenOrientation
		ADDED from src\main\AndroidManifest.xml:31:13-49
	android:label
		ADDED from src\main\AndroidManifest.xml:29:13-45
	android:launchMode
		ADDED from src\main\AndroidManifest.xml:30:13-44
	android:configChanges
		ADDED from src\main\AndroidManifest.xml:28:13-84
	android:name
		ADDED from src\main\AndroidManifest.xml:27:13-41
activity#com.maqueezu.el.ui.test.TestActivity
ADDED from src\main\AndroidManifest.xml:32:9-34:20
	android:name
		ADDED from src\main\AndroidManifest.xml:32:19-55
activity#com.maqueezu.el.ui.test.Test1Activity
ADDED from src\main\AndroidManifest.xml:35:9-59
	android:name
		ADDED from src\main\AndroidManifest.xml:35:19-56
activity#com.maqueezu.el.ui.activity.WelcomeActivity
ADDED from src\main\AndroidManifest.xml:36:9-42:20
	android:name
		ADDED from src\main\AndroidManifest.xml:36:19-62
intent-filter#android.intent.action.MAIN+android.intent.category.LAUNCHER
ADDED from src\main\AndroidManifest.xml:37:13-41:29
action#android.intent.action.MAIN
ADDED from src\main\AndroidManifest.xml:38:17-69
	android:name
		ADDED from src\main\AndroidManifest.xml:38:25-66
category#android.intent.category.LAUNCHER
ADDED from src\main\AndroidManifest.xml:40:17-77
	android:name
		ADDED from src\main\AndroidManifest.xml:40:27-74
activity#com.maqueezu.el.ui.activity.child.home_child.AddressActivity
ADDED from src\main\AndroidManifest.xml:43:9-82
	android:name
		ADDED from src\main\AndroidManifest.xml:43:19-79
activity#com.maqueezu.el.ui.test.Test2Activity
ADDED from src\main\AndroidManifest.xml:44:9-59
	android:name
		ADDED from src\main\AndroidManifest.xml:44:19-56
activity#com.maqueezu.el.ui.activity.child.home_child.HealthyBehaviorActivity
ADDED from src\main\AndroidManifest.xml:45:9-90
	android:name
		ADDED from src\main\AndroidManifest.xml:45:19-87
activity#com.maqueezu.el.ui.activity.SearchActivity
ADDED from src\main\AndroidManifest.xml:46:9-64
	android:name
		ADDED from src\main\AndroidManifest.xml:46:19-61
activity#com.maqueezu.el.ui.activity.child.physicalexamination_child.PhysicalSetMealActivity
ADDED from src\main\AndroidManifest.xml:47:9-105
	android:name
		ADDED from src\main\AndroidManifest.xml:47:19-102
activity#com.maqueezu.el.ui.activity.child.physicalexamination_child.SetMealListActivity
ADDED from src\main\AndroidManifest.xml:48:9-101
	android:name
		ADDED from src\main\AndroidManifest.xml:48:19-98
activity#com.maqueezu.el.ui.activity.child.physicalexamination_child.PhysicalOrganActivity
ADDED from src\main\AndroidManifest.xml:49:9-103
	android:name
		ADDED from src\main\AndroidManifest.xml:49:19-100
activity#com.maqueezu.el.ui.activity.child.physicalexamination_child.OrganItemActivity
ADDED from src\main\AndroidManifest.xml:50:9-99
	android:name
		ADDED from src\main\AndroidManifest.xml:50:19-96
activity#com.maqueezu.el.ui.activity.child.physicalexamination_child.SetMealItemActivity
ADDED from src\main\AndroidManifest.xml:51:9-101
	android:name
		ADDED from src\main\AndroidManifest.xml:51:19-98
activity#com.maqueezu.el.ui.activity.child.physicalexamination_child.SubmitOrderActivity
ADDED from src\main\AndroidManifest.xml:52:9-101
	android:name
		ADDED from src\main\AndroidManifest.xml:52:19-98
activity#com.maqueezu.el.ui.activity.child.physicalexamination_child.PaymentOrderActivity
ADDED from src\main\AndroidManifest.xml:53:9-102
	android:name
		ADDED from src\main\AndroidManifest.xml:53:19-99
activity#com.maqueezu.el.ui.activity.child.physicalexamination_child.AddPhysicalExaminationCardActivity
ADDED from src\main\AndroidManifest.xml:54:9-116
	android:name
		ADDED from src\main\AndroidManifest.xml:54:19-113
activity#com.maqueezu.el.ui.activity.child.physicalexamination_child.UsePhysicalExaminationCardActivity
ADDED from src\main\AndroidManifest.xml:55:9-116
	android:name
		ADDED from src\main\AndroidManifest.xml:55:19-113
activity#com.maqueezu.el.ui.activity.child.physicalexamination_child.AddCardProcessActivity
ADDED from src\main\AndroidManifest.xml:56:9-104
	android:name
		ADDED from src\main\AndroidManifest.xml:56:19-101
activity#com.maqueezu.el.ui.activity.child.physicalexamination_child.AdjustmentProjectActivity
ADDED from src\main\AndroidManifest.xml:57:9-107
	android:name
		ADDED from src\main\AndroidManifest.xml:57:19-104
activity#com.maqueezu.el.ui.activity.child.physicalexamination_child.CustomOneselfActivity
ADDED from src\main\AndroidManifest.xml:58:9-103
	android:name
		ADDED from src\main\AndroidManifest.xml:58:19-100
activity#com.maqueezu.el.ui.activity.child.physicalexamination_child.CustomExpertActivity
ADDED from src\main\AndroidManifest.xml:59:9-102
	android:name
		ADDED from src\main\AndroidManifest.xml:59:19-99
activity#com.maqueezu.el.ui.activity.child.physicalexamination_child.RecommendSetmealActivity
ADDED from src\main\AndroidManifest.xml:60:9-106
	android:name
		ADDED from src\main\AndroidManifest.xml:60:19-103
activity#com.maqueezu.el.ui.activity.child.shopping_child.ThroughTrainActivity
ADDED from src\main\AndroidManifest.xml:61:9-91
	android:name
		ADDED from src\main\AndroidManifest.xml:61:19-88
activity#com.maqueezu.el.ui.activity.child.shopping_child.GoodsSortActivity
ADDED from src\main\AndroidManifest.xml:62:9-88
	android:name
		ADDED from src\main\AndroidManifest.xml:62:19-85
activity#com.maqueezu.el.ui.activity.child.shopping_child.GoodsDetailActivity
ADDED from src\main\AndroidManifest.xml:63:9-90
	android:name
		ADDED from src\main\AndroidManifest.xml:63:19-87
activity#com.maqueezu.el.ui.activity.child.shopping_child.ShoppingCartActivity
ADDED from src\main\AndroidManifest.xml:64:9-91
	android:name
		ADDED from src\main\AndroidManifest.xml:64:19-88
activity#com.maqueezu.el.ui.activity.child.shopping_child.GoodsSubmitOrderActivity
ADDED from src\main\AndroidManifest.xml:65:9-95
	android:name
		ADDED from src\main\AndroidManifest.xml:65:19-92
activity#com.maqueezu.el.ui.activity.child.home_child.SignInActivity
ADDED from src\main\AndroidManifest.xml:66:9-90
	android:name
		ADDED from src\main\AndroidManifest.xml:66:19-78
uses-sdk
INJECTED from src\main\AndroidManifest.xml reason: use-sdk injection requested
INJECTED from src\main\AndroidManifest.xml
INJECTED from src\main\AndroidManifest.xml
MERGED from [com.android.support.constraint:constraint-layout:1.1.3] AndroidManifest.xml:5:5-7:41
MERGED from [com.android.support.constraint:constraint-layout:1.1.3] AndroidManifest.xml:5:5-7:41
MERGED from [:utils] AndroidManifest.xml:7:5-9:41
MERGED from [:utils] AndroidManifest.xml:7:5-9:41
MERGED from [com.android.support:design:27.0.2] AndroidManifest.xml:20:5-44
MERGED from [com.android.support:design:27.0.2] AndroidManifest.xml:20:5-44
MERGED from [com.android.support:support-v4:27.0.2] AndroidManifest.xml:20:5-44
MERGED from [com.android.support:support-v4:27.0.2] AndroidManifest.xml:20:5-44
MERGED from [com.youth.banner:banner:1.4.10] AndroidManifest.xml:7:5-9:41
MERGED from [com.youth.banner:banner:1.4.10] AndroidManifest.xml:7:5-9:41
MERGED from [com.android.support:multidex:1.0.3] AndroidManifest.xml:20:5-43
MERGED from [com.android.support:multidex:1.0.3] AndroidManifest.xml:20:5-43
MERGED from [com.android.support:support-media-compat:27.0.2] AndroidManifest.xml:20:5-44
MERGED from [com.android.support:support-media-compat:27.0.2] AndroidManifest.xml:20:5-44
MERGED from [com.github.bumptech.glide:glide:4.8.0] AndroidManifest.xml:6:5-8:41
MERGED from [com.github.bumptech.glide:glide:4.8.0] AndroidManifest.xml:6:5-8:41
MERGED from [com.google.dagger:dagger-android-support:2.22.1] AndroidManifest.xml:20:5-44
MERGED from [com.google.dagger:dagger-android-support:2.22.1] AndroidManifest.xml:20:5-44
MERGED from [com.github.wendux:DSBridge-Android:c6d5155915] AndroidManifest.xml:7:5-9:41
MERGED from [com.github.wendux:DSBridge-Android:c6d5155915] AndroidManifest.xml:7:5-9:41
MERGED from [com.zhy:autolayout:1.4.5] AndroidManifest.xml:8:5-10:41
MERGED from [com.zhy:autolayout:1.4.5] AndroidManifest.xml:8:5-10:41
MERGED from [com.android.support:appcompat-v7:27.0.2] AndroidManifest.xml:20:5-44
MERGED from [com.android.support:appcompat-v7:27.0.2] AndroidManifest.xml:20:5-44
MERGED from [com.android.support:support-fragment:27.0.2] AndroidManifest.xml:20:5-44
MERGED from [com.android.support:support-fragment:27.0.2] AndroidManifest.xml:20:5-44
MERGED from [com.android.support:support-core-utils:27.0.2] AndroidManifest.xml:20:5-44
MERGED from [com.android.support:support-core-utils:27.0.2] AndroidManifest.xml:20:5-44
MERGED from [com.android.support:recyclerview-v7:27.0.2] AndroidManifest.xml:20:5-44
MERGED from [com.android.support:recyclerview-v7:27.0.2] AndroidManifest.xml:20:5-44
MERGED from [com.android.support:animated-vector-drawable:27.0.2] AndroidManifest.xml:20:5-44
MERGED from [com.android.support:animated-vector-drawable:27.0.2] AndroidManifest.xml:20:5-44
MERGED from [com.android.support:support-core-ui:27.0.2] AndroidManifest.xml:20:5-44
MERGED from [com.android.support:support-core-ui:27.0.2] AndroidManifest.xml:20:5-44
MERGED from [com.android.support:transition:27.0.2] AndroidManifest.xml:20:5-44
MERGED from [com.android.support:transition:27.0.2] AndroidManifest.xml:20:5-44
MERGED from [com.android.support:support-vector-drawable:27.0.2] AndroidManifest.xml:20:5-44
MERGED from [com.android.support:support-vector-drawable:27.0.2] AndroidManifest.xml:20:5-44
MERGED from [com.android.support:support-compat:27.0.2] AndroidManifest.xml:20:5-44
MERGED from [com.android.support:support-compat:27.0.2] AndroidManifest.xml:20:5-44
MERGED from [com.zhy:okhttputils:2.6.2] AndroidManifest.xml:7:5-9:41
MERGED from [com.zhy:okhttputils:2.6.2] AndroidManifest.xml:7:5-9:41
MERGED from [com.facebook.stetho:stetho-okhttp3:1.5.1] AndroidManifest.xml:7:5-9:41
MERGED from [com.facebook.stetho:stetho-okhttp3:1.5.1] AndroidManifest.xml:7:5-9:41
MERGED from [com.scwang.smartrefresh:SmartRefreshLayout:1.1.0-alpha-24] AndroidManifest.xml:7:5-9:41
MERGED from [com.scwang.smartrefresh:SmartRefreshLayout:1.1.0-alpha-24] AndroidManifest.xml:7:5-9:41
MERGED from [com.google.dagger:dagger-android:2.22.1] AndroidManifest.xml:20:5-44
MERGED from [com.google.dagger:dagger-android:2.22.1] AndroidManifest.xml:20:5-44
MERGED from [io.reactivex:rxandroid:1.2.1] AndroidManifest.xml:19:5-43
MERGED from [io.reactivex:rxandroid:1.2.1] AndroidManifest.xml:19:5-43
MERGED from [io.reactivex.rxjava2:rxandroid:2.1.0] AndroidManifest.xml:18:5-43
MERGED from [io.reactivex.rxjava2:rxandroid:2.1.0] AndroidManifest.xml:18:5-43
MERGED from [com.facebook.stetho:stetho:1.5.1] AndroidManifest.xml:7:5-9:41
MERGED from [com.facebook.stetho:stetho:1.5.1] AndroidManifest.xml:7:5-9:41
MERGED from [com.github.bumptech.glide:gifdecoder:4.8.0] AndroidManifest.xml:5:5-7:41
MERGED from [com.github.bumptech.glide:gifdecoder:4.8.0] AndroidManifest.xml:5:5-7:41
MERGED from [android.arch.lifecycle:runtime:1.0.3] AndroidManifest.xml:20:5-22:41
MERGED from [android.arch.lifecycle:runtime:1.0.3] AndroidManifest.xml:20:5-22:41
INJECTED from src\main\AndroidManifest.xml
INJECTED from src\main\AndroidManifest.xml
	android:targetSdkVersion
		INJECTED from src\main\AndroidManifest.xml
		ADDED from src\main\AndroidManifest.xml
		INJECTED from src\main\AndroidManifest.xml
	android:minSdkVersion
		INJECTED from src\main\AndroidManifest.xml
		ADDED from src\main\AndroidManifest.xml
		INJECTED from src\main\AndroidManifest.xml
activity#com.maqueezu.utils.ui.FragmentContainerActivity
ADDED from [:utils] AndroidManifest.xml:12:9-15:52
	android:screenOrientation
		ADDED from [:utils] AndroidManifest.xml:15:13-49
	android:configChanges
		ADDED from [:utils] AndroidManifest.xml:14:13-84
	android:name
		ADDED from [:utils] AndroidManifest.xml:13:13-75
activity#com.tencent.smtt.sdk.VideoActivity
ADDED from [:utils] AndroidManifest.xml:16:9-27:20
	android:launchMode
		ADDED from [:utils] AndroidManifest.xml:21:13-44
	android:exported
		ADDED from [:utils] AndroidManifest.xml:20:13-37
	android:configChanges
		ADDED from [:utils] AndroidManifest.xml:19:13-74
	android:alwaysRetainTaskState
		ADDED from [:utils] AndroidManifest.xml:18:13-49
	android:name
		ADDED from [:utils] AndroidManifest.xml:17:13-62
intent-filter#android.intent.category.DEFAULT+com.tencent.smtt.tbs.video.PLAY
ADDED from [:utils] AndroidManifest.xml:22:13-26:29
action#com.tencent.smtt.tbs.video.PLAY
ADDED from [:utils] AndroidManifest.xml:23:17-74
	android:name
		ADDED from [:utils] AndroidManifest.xml:23:25-71
category#android.intent.category.DEFAULT
ADDED from [:utils] AndroidManifest.xml:25:17-76
	android:name
		ADDED from [:utils] AndroidManifest.xml:25:27-73
uses-permission#android.permission.WRITE_EXTERNAL_STORAGE
ADDED from [com.github.wendux:DSBridge-Android:c6d5155915] AndroidManifest.xml:12:5-81
	android:name
		ADDED from [com.github.wendux:DSBridge-Android:c6d5155915] AndroidManifest.xml:12:22-78
uses-permission#android.permission.ACCESS_NETWORK_STATE
ADDED from [com.github.wendux:DSBridge-Android:c6d5155915] AndroidManifest.xml:13:5-79
	android:name
		ADDED from [com.github.wendux:DSBridge-Android:c6d5155915] AndroidManifest.xml:13:22-76
uses-permission#android.permission.ACCESS_WIFI_STATE
ADDED from [com.github.wendux:DSBridge-Android:c6d5155915] AndroidManifest.xml:14:5-76
	android:name
		ADDED from [com.github.wendux:DSBridge-Android:c6d5155915] AndroidManifest.xml:14:22-73
uses-permission#android.permission.READ_PHONE_STATE
ADDED from [com.github.wendux:DSBridge-Android:c6d5155915] AndroidManifest.xml:15:5-75
	android:name
		ADDED from [com.github.wendux:DSBridge-Android:c6d5155915] AndroidManifest.xml:15:22-72
uses-permission#android.permission.READ_EXTERNAL_STORAGE
IMPLIED from src\main\AndroidManifest.xml:2:1-69:12 reason: wendu.dsbridge requested WRITE_EXTERNAL_STORAGE